#-----------------------------------------------------------
# Vivado v2022.1.2 (64-bit)
# SW Build 3605665 on Fri Aug  5 22:53:37 MDT 2022
# IP Build 3603185 on Sat Aug  6 04:07:44 MDT 2022
# Start of session at: Tue Oct 29 20:26:43 2024
# Process ID: 904
# Current directory: C:/Users/zheng/Dropbox/01_work/04_polar_radar/01_rfsoc/ip_repo/pam_controller
# Command line: vivado.exe -gui_launcher_event rodinguilauncherevent21152 C:\Users\zheng\Dropbox\01_work\04_polar_radar\01_rfsoc\ip_repo\pam_controller\edit_pam_controller_v1_0.xpr
# Log file: C:/Users/zheng/Dropbox/01_work/04_polar_radar/01_rfsoc/ip_repo/pam_controller/vivado.log
# Journal file: C:/Users/zheng/Dropbox/01_work/04_polar_radar/01_rfsoc/ip_repo/pam_controller\vivado.jou
# Running On: dell-xps-8950, OS: Windows, CPU Frequency: 2112 MHz, CPU Physical cores: 12, Host memory: 16890 MB
#-----------------------------------------------------------
start_gui
WARNING: [Board 49-26] cannot add Board Part xilinx.com:vpk120_es:part0:1.2 available at C:/Xilinx/Vivado/2022.1/data/xhub/boards/XilinxBoardStore/boards/Xilinx/vpk120/es/1.2/board.xml as part xcvp1202-vsva2785-2mp-e-s-es1 specified in board_part file is either invalid or not available
WARNING: [Board 49-26] cannot add Board Part xilinx.com:vpk120_es_revb:part0:1.0 available at C:/Xilinx/Vivado/2022.1/data/xhub/boards/XilinxBoardStore/boards/Xilinx/vpk120_revb/es/1.0/board.xml as part xcvp1202-vsva2785-2mp-e-s-es1 specified in board_part file is either invalid or not available
WARNING: [Board 49-26] cannot add Board Part xilinx.com:zcu208ld:part0:2.0 available at C:/Xilinx/Vivado/2022.1/data/xhub/boards/XilinxBoardStore/boards/Xilinx/zcu208ld/production/2.0/board.xml as part xczu58dr-fsvg1517-2-i specified in board_part file is either invalid or not available
WARNING: [Board 49-26] cannot add Board Part xilinx.com:zcu216ld:part0:2.0 available at C:/Xilinx/Vivado/2022.1/data/xhub/boards/XilinxBoardStore/boards/Xilinx/zcu216ld/production/2.0/board.xml as part xczu59dr-ffvf1760-2-i specified in board_part file is either invalid or not available
WARNING: [Board 49-26] cannot add Board Part xilinx.com:zcu670:part0:2.0 available at C:/Xilinx/Vivado/2022.1/data/xhub/boards/XilinxBoardStore/boards/Xilinx/zcu670/2.0/board.xml as part xczu67dr-fsve1156-2-i specified in board_part file is either invalid or not available
WARNING: [Board 49-26] cannot add Board Part xilinx.com:zcu670ld:part0:1.0 available at C:/Xilinx/Vivado/2022.1/data/xhub/boards/XilinxBoardStore/boards/Xilinx/zcu670ld/1.0/board.xml as part xczu57dr-fsve1156-2-i specified in board_part file is either invalid or not available
exit
INFO: [Common 17-206] Exiting Vivado at Tue Oct 29 20:27:21 2024...
